<?xml version="1.0" encoding="UTF-8"?>
<!-- Generated by org.testng.reporters.JUnitXMLReporter -->
<testsuite ignored="1" hostname="DESKTOP-NJ6S4L8" failures="0" tests="1" name="Test" time="0.041" errors="0" timestamp="2023-03-02T23:31:25 BDT">
  <testcase classname="ebay.testCase.baseTest" name="@BeforeMethod landOnPage" time="0.004">
    <failure type="java.lang.NullPointerException" message="Cannot invoke &amp;quot;String.equalsIgnoreCase(String)&amp;quot; because &amp;quot;browserName&amp;quot; is null">
      <![CDATA[java.lang.NullPointerException: Cannot invoke "String.equalsIgnoreCase(String)" because "browserName" is null
at ebay.testCase.baseTest.startTheBrowser(baseTest.java:28)
at ebay.testCase.baseTest.landOnPage(baseTest.java:48)
at java.base/java.util.ArrayList.forEach(ArrayList.java:1511)
... Removed 31 stack frames]]>
    </failure>
  </testcase> <!-- @BeforeMethod landOnPage -->
  <testcase classname="ebay.testCase.baseTest" name="@AfterMethod turnoffBrowser" time="0.0">
    <failure type="java.lang.NullPointerException" message="Cannot invoke &amp;quot;org.openqa.selenium.WebDriver.quit()&amp;quot; because &amp;quot;this.driver&amp;quot; is null">
      <![CDATA[java.lang.NullPointerException: Cannot invoke "org.openqa.selenium.WebDriver.quit()" because "this.driver" is null
at ebay.testCase.baseTest.turnoffBrowser(baseTest.java:66)
at java.base/java.util.ArrayList.forEach(ArrayList.java:1511)
... Removed 32 stack frames]]>
    </failure>
  </testcase> <!-- @AfterMethod turnoffBrowser -->
  <testcase classname="ebay.testCase.ebayTest" name="categorySearch" time="0.0">
    <skipped/>
  </testcase> <!-- categorySearch -->
  <testcase classname="ebay.testCase.ebayTest" name="applePage" time="0.0">
    <ignored/>
  </testcase> <!-- applePage -->
</testsuite> <!-- Test -->
