<?xml version="1.0" encoding="UTF-8"?>
<testng-results ignored="1" total="2" passed="1" failed="0" skipped="0">
  <reporter-output>
  </reporter-output>
  <suite started-at="2023-03-02T00:12:19 BDT" name="Suite" finished-at="2023-03-02T00:12:31 BDT" duration-ms="11471">
    <groups>
      <group name="test1">
        <method signature="ebayTest.categorySearch()[pri:0, instance:ebay.testCase.ebayTest@16610890]" name="categorySearch" class="ebay.testCase.ebayTest"/>
      </group> <!-- test1 -->
    </groups>
    <test started-at="2023-03-02T00:12:19 BDT" name="Test" finished-at="2023-03-02T00:12:31 BDT" duration-ms="11471">
      <class name="ebay.testCase.ebayTest">
        <test-method is-config="true" signature="landOnPage()[pri:0, instance:ebay.testCase.ebayTest@16610890]" started-at="2023-03-02T00:12:19 BDT" name="landOnPage" finished-at="2023-03-02T00:12:24 BDT" duration-ms="5171" status="PASS">
          <reporter-output>
          </reporter-output>
        </test-method> <!-- landOnPage -->
        <test-method signature="categorySearch()[pri:0, instance:ebay.testCase.ebayTest@16610890]" started-at="2023-03-02T00:12:24 BDT" name="categorySearch" finished-at="2023-03-02T00:12:30 BDT" duration-ms="6004" status="PASS">
          <reporter-output>
          </reporter-output>
        </test-method> <!-- categorySearch -->
        <test-method is-config="true" signature="turnoffBrowser()[pri:0, instance:ebay.testCase.ebayTest@16610890]" started-at="2023-03-02T00:12:30 BDT" name="turnoffBrowser" finished-at="2023-03-02T00:12:31 BDT" duration-ms="274" status="PASS">
          <reporter-output>
          </reporter-output>
        </test-method> <!-- turnoffBrowser -->
      </class> <!-- ebay.testCase.ebayTest -->
    </test> <!-- Test -->
  </suite> <!-- Suite -->
</testng-results>
