<?xml version="1.0" encoding="UTF-8"?>
<testng-results ignored="0" total="2" passed="2" failed="0" skipped="0">
  <reporter-output>
  </reporter-output>
  <suite started-at="2023-03-30T09:21:38 EDT" name="Default suite" finished-at="2023-03-30T09:21:58 EDT" duration-ms="19285">
    <groups>
      <group name="test1">
        <method signature="ebayTest.categorySearch()[pri:0, instance:ebay.testCase.ebayTest@3d5c822d]" name="categorySearch" class="ebay.testCase.ebayTest"/>
      </group> <!-- test1 -->
    </groups>
    <test started-at="2023-03-30T09:21:38 EDT" name="Default test" finished-at="2023-03-30T09:21:58 EDT" duration-ms="19285">
      <class name="ebay.testCase.ebayTest">
        <test-method is-config="true" signature="landOnPage()[pri:0, instance:ebay.testCase.ebayTest@3d5c822d]" started-at="2023-03-30T09:21:38 EDT" name="landOnPage" finished-at="2023-03-30T09:21:43 EDT" duration-ms="5127" status="PASS">
          <reporter-output>
          </reporter-output>
        </test-method> <!-- landOnPage -->
        <test-method signature="applePage()[pri:0, instance:ebay.testCase.ebayTest@3d5c822d]" started-at="2023-03-30T09:21:43 EDT" name="applePage" finished-at="2023-03-30T09:21:48 EDT" duration-ms="4721" status="PASS">
          <reporter-output>
          </reporter-output>
        </test-method> <!-- applePage -->
        <test-method is-config="true" signature="turnoffBrowser()[pri:0, instance:ebay.testCase.ebayTest@3d5c822d]" started-at="2023-03-30T09:21:48 EDT" name="turnoffBrowser" finished-at="2023-03-30T09:21:49 EDT" duration-ms="784" status="PASS">
          <reporter-output>
          </reporter-output>
        </test-method> <!-- turnoffBrowser -->
        <test-method is-config="true" signature="landOnPage()[pri:0, instance:ebay.testCase.ebayTest@3d5c822d]" started-at="2023-03-30T09:21:49 EDT" name="landOnPage" finished-at="2023-03-30T09:21:53 EDT" duration-ms="4299" status="PASS">
          <reporter-output>
          </reporter-output>
        </test-method> <!-- landOnPage -->
        <test-method signature="categorySearch()[pri:0, instance:ebay.testCase.ebayTest@3d5c822d]" started-at="2023-03-30T09:21:53 EDT" name="categorySearch" finished-at="2023-03-30T09:21:57 EDT" duration-ms="3571" status="PASS">
          <reporter-output>
          </reporter-output>
        </test-method> <!-- categorySearch -->
        <test-method is-config="true" signature="turnoffBrowser()[pri:0, instance:ebay.testCase.ebayTest@3d5c822d]" started-at="2023-03-30T09:21:57 EDT" name="turnoffBrowser" finished-at="2023-03-30T09:21:58 EDT" duration-ms="753" status="PASS">
          <reporter-output>
          </reporter-output>
        </test-method> <!-- turnoffBrowser -->
      </class> <!-- ebay.testCase.ebayTest -->
    </test> <!-- Default test -->
  </suite> <!-- Default suite -->
</testng-results>
